INFO - 2024-05-20 04:17:31 --> Session: Class initialized using 'CodeIgniter\Session\Handlers\FileHandler' driver.
INFO - 2024-05-20 04:17:35 --> Session: Class initialized using 'CodeIgniter\Session\Handlers\FileHandler' driver.
INFO - 2024-05-20 04:17:40 --> Session: Class initialized using 'CodeIgniter\Session\Handlers\FileHandler' driver.
INFO - 2024-05-20 04:17:44 --> Session: Class initialized using 'CodeIgniter\Session\Handlers\FileHandler' driver.
INFO - 2024-05-20 04:17:45 --> Session: Class initialized using 'CodeIgniter\Session\Handlers\FileHandler' driver.
INFO - 2024-05-20 04:17:50 --> Session: Class initialized using 'CodeIgniter\Session\Handlers\FileHandler' driver.
INFO - 2024-05-20 05:46:30 --> Session: Class initialized using 'CodeIgniter\Session\Handlers\FileHandler' driver.
INFO - 2024-05-20 05:46:31 --> Session: Class initialized using 'CodeIgniter\Session\Handlers\FileHandler' driver.
INFO - 2024-05-20 05:46:33 --> Session: Class initialized using 'CodeIgniter\Session\Handlers\FileHandler' driver.
INFO - 2024-05-20 05:46:36 --> Session: Class initialized using 'CodeIgniter\Session\Handlers\FileHandler' driver.
INFO - 2024-05-20 05:46:52 --> Session: Class initialized using 'CodeIgniter\Session\Handlers\FileHandler' driver.
INFO - 2024-05-20 05:46:57 --> Session: Class initialized using 'CodeIgniter\Session\Handlers\FileHandler' driver.
INFO - 2024-05-20 05:46:59 --> Session: Class initialized using 'CodeIgniter\Session\Handlers\FileHandler' driver.
INFO - 2024-05-20 05:47:10 --> Session: Class initialized using 'CodeIgniter\Session\Handlers\FileHandler' driver.
INFO - 2024-05-20 05:47:30 --> Session: Class initialized using 'CodeIgniter\Session\Handlers\FileHandler' driver.
INFO - 2024-05-20 05:47:37 --> Session: Class initialized using 'CodeIgniter\Session\Handlers\FileHandler' driver.
INFO - 2024-05-20 05:47:41 --> Session: Class initialized using 'CodeIgniter\Session\Handlers\FileHandler' driver.
INFO - 2024-05-20 05:47:45 --> Session: Class initialized using 'CodeIgniter\Session\Handlers\FileHandler' driver.
INFO - 2024-05-20 05:47:48 --> Session: Class initialized using 'CodeIgniter\Session\Handlers\FileHandler' driver.
INFO - 2024-05-20 05:47:51 --> Session: Class initialized using 'CodeIgniter\Session\Handlers\FileHandler' driver.
INFO - 2024-05-20 05:48:42 --> Session: Class initialized using 'CodeIgniter\Session\Handlers\FileHandler' driver.
INFO - 2024-05-20 05:48:45 --> Session: Class initialized using 'CodeIgniter\Session\Handlers\FileHandler' driver.
INFO - 2024-05-20 05:48:47 --> Session: Class initialized using 'CodeIgniter\Session\Handlers\FileHandler' driver.
INFO - 2024-05-20 05:53:20 --> Session: Class initialized using 'CodeIgniter\Session\Handlers\FileHandler' driver.
CRITICAL - 2024-05-20 05:53:20 --> ErrorException: Undefined variable $Books
in APPPATH\Views\books\edit.php on line 8.
 1 APPPATH\Views\books\edit.php(8): CodeIgniter\Debug\Exceptions->errorHandler(2, 'Undefined variable $Books', 'C:\\Users\\LENOVO\\pemweb-smstr4\\project-root\\app\\Views\\books\\edit.php', 8)
 2 SYSTEMPATH\View\View.php(228): include('C:\\Users\\LENOVO\\pemweb-smstr4\\project-root\\app\\Views\\books\\edit.php')
 3 SYSTEMPATH\View\View.php(231): CodeIgniter\View\View->CodeIgniter\View\{closure}()
 4 SYSTEMPATH\Common.php(1178): CodeIgniter\View\View->render('books/edit', [], true)
 5 APPPATH\Controllers\Books.php(117): view('books/edit', [...])
 6 SYSTEMPATH\CodeIgniter.php(941): App\Controllers\Books->edit('q')
 7 SYSTEMPATH\CodeIgniter.php(502): CodeIgniter\CodeIgniter->runController(Object(App\Controllers\Books))
 8 SYSTEMPATH\CodeIgniter.php(361): CodeIgniter\CodeIgniter->handleRequest(null, Object(Config\Cache), false)
 9 FCPATH\index.php(79): CodeIgniter\CodeIgniter->run()
10 SYSTEMPATH\Commands\Server\rewrite.php(47): require_once('C:\\Users\\LENOVO\\pemweb-smstr4\\project-root\\public\\index.php')
INFO - 2024-05-20 05:54:02 --> Session: Class initialized using 'CodeIgniter\Session\Handlers\FileHandler' driver.
CRITICAL - 2024-05-20 05:54:02 --> ErrorException: Undefined variable $books
in APPPATH\Views\books\edit.php on line 8.
 1 APPPATH\Views\books\edit.php(8): CodeIgniter\Debug\Exceptions->errorHandler(2, 'Undefined variable $books', 'C:\\Users\\LENOVO\\pemweb-smstr4\\project-root\\app\\Views\\books\\edit.php', 8)
 2 SYSTEMPATH\View\View.php(228): include('C:\\Users\\LENOVO\\pemweb-smstr4\\project-root\\app\\Views\\books\\edit.php')
 3 SYSTEMPATH\View\View.php(231): CodeIgniter\View\View->CodeIgniter\View\{closure}()
 4 SYSTEMPATH\Common.php(1178): CodeIgniter\View\View->render('books/edit', [], true)
 5 APPPATH\Controllers\Books.php(117): view('books/edit', [...])
 6 SYSTEMPATH\CodeIgniter.php(941): App\Controllers\Books->edit('q')
 7 SYSTEMPATH\CodeIgniter.php(502): CodeIgniter\CodeIgniter->runController(Object(App\Controllers\Books))
 8 SYSTEMPATH\CodeIgniter.php(361): CodeIgniter\CodeIgniter->handleRequest(null, Object(Config\Cache), false)
 9 FCPATH\index.php(79): CodeIgniter\CodeIgniter->run()
10 SYSTEMPATH\Commands\Server\rewrite.php(47): require_once('C:\\Users\\LENOVO\\pemweb-smstr4\\project-root\\public\\index.php')
INFO - 2024-05-20 05:55:00 --> Session: Class initialized using 'CodeIgniter\Session\Handlers\FileHandler' driver.
CRITICAL - 2024-05-20 05:55:00 --> ErrorException: Undefined variable $Books
in APPPATH\Views\books\edit.php on line 8.
 1 APPPATH\Views\books\edit.php(8): CodeIgniter\Debug\Exceptions->errorHandler(2, 'Undefined variable $Books', 'C:\\Users\\LENOVO\\pemweb-smstr4\\project-root\\app\\Views\\books\\edit.php', 8)
 2 SYSTEMPATH\View\View.php(228): include('C:\\Users\\LENOVO\\pemweb-smstr4\\project-root\\app\\Views\\books\\edit.php')
 3 SYSTEMPATH\View\View.php(231): CodeIgniter\View\View->CodeIgniter\View\{closure}()
 4 SYSTEMPATH\Common.php(1178): CodeIgniter\View\View->render('books/edit', [], true)
 5 APPPATH\Controllers\Books.php(117): view('books/edit', [...])
 6 SYSTEMPATH\CodeIgniter.php(941): App\Controllers\Books->edit('q')
 7 SYSTEMPATH\CodeIgniter.php(502): CodeIgniter\CodeIgniter->runController(Object(App\Controllers\Books))
 8 SYSTEMPATH\CodeIgniter.php(361): CodeIgniter\CodeIgniter->handleRequest(null, Object(Config\Cache), false)
 9 FCPATH\index.php(79): CodeIgniter\CodeIgniter->run()
10 SYSTEMPATH\Commands\Server\rewrite.php(47): require_once('C:\\Users\\LENOVO\\pemweb-smstr4\\project-root\\public\\index.php')
INFO - 2024-05-20 05:55:02 --> Session: Class initialized using 'CodeIgniter\Session\Handlers\FileHandler' driver.
INFO - 2024-05-20 05:55:04 --> Session: Class initialized using 'CodeIgniter\Session\Handlers\FileHandler' driver.
CRITICAL - 2024-05-20 05:55:04 --> ErrorException: Undefined variable $Books
in APPPATH\Views\books\edit.php on line 8.
 1 APPPATH\Views\books\edit.php(8): CodeIgniter\Debug\Exceptions->errorHandler(2, 'Undefined variable $Books', 'C:\\Users\\LENOVO\\pemweb-smstr4\\project-root\\app\\Views\\books\\edit.php', 8)
 2 SYSTEMPATH\View\View.php(228): include('C:\\Users\\LENOVO\\pemweb-smstr4\\project-root\\app\\Views\\books\\edit.php')
 3 SYSTEMPATH\View\View.php(231): CodeIgniter\View\View->CodeIgniter\View\{closure}()
 4 SYSTEMPATH\Common.php(1178): CodeIgniter\View\View->render('books/edit', [], true)
 5 APPPATH\Controllers\Books.php(117): view('books/edit', [...])
 6 SYSTEMPATH\CodeIgniter.php(941): App\Controllers\Books->edit('q')
 7 SYSTEMPATH\CodeIgniter.php(502): CodeIgniter\CodeIgniter->runController(Object(App\Controllers\Books))
 8 SYSTEMPATH\CodeIgniter.php(361): CodeIgniter\CodeIgniter->handleRequest(null, Object(Config\Cache), false)
 9 FCPATH\index.php(79): CodeIgniter\CodeIgniter->run()
10 SYSTEMPATH\Commands\Server\rewrite.php(47): require_once('C:\\Users\\LENOVO\\pemweb-smstr4\\project-root\\public\\index.php')
INFO - 2024-05-20 05:55:36 --> Session: Class initialized using 'CodeIgniter\Session\Handlers\FileHandler' driver.
CRITICAL - 2024-05-20 05:55:36 --> ErrorException: Undefined variable $Books
in APPPATH\Views\books\edit.php on line 8.
 1 APPPATH\Views\books\edit.php(8): CodeIgniter\Debug\Exceptions->errorHandler(2, 'Undefined variable $Books', 'C:\\Users\\LENOVO\\pemweb-smstr4\\project-root\\app\\Views\\books\\edit.php', 8)
 2 SYSTEMPATH\View\View.php(228): include('C:\\Users\\LENOVO\\pemweb-smstr4\\project-root\\app\\Views\\books\\edit.php')
 3 SYSTEMPATH\View\View.php(231): CodeIgniter\View\View->CodeIgniter\View\{closure}()
 4 SYSTEMPATH\Common.php(1178): CodeIgniter\View\View->render('books/edit', [], true)
 5 APPPATH\Controllers\Books.php(117): view('books/edit', [...])
 6 SYSTEMPATH\CodeIgniter.php(941): App\Controllers\Books->edit('q')
 7 SYSTEMPATH\CodeIgniter.php(502): CodeIgniter\CodeIgniter->runController(Object(App\Controllers\Books))
 8 SYSTEMPATH\CodeIgniter.php(361): CodeIgniter\CodeIgniter->handleRequest(null, Object(Config\Cache), false)
 9 FCPATH\index.php(79): CodeIgniter\CodeIgniter->run()
10 SYSTEMPATH\Commands\Server\rewrite.php(47): require_once('C:\\Users\\LENOVO\\pemweb-smstr4\\project-root\\public\\index.php')
INFO - 2024-05-20 05:55:38 --> Session: Class initialized using 'CodeIgniter\Session\Handlers\FileHandler' driver.
CRITICAL - 2024-05-20 05:55:38 --> ErrorException: Undefined variable $Books
in APPPATH\Views\books\edit.php on line 8.
 1 APPPATH\Views\books\edit.php(8): CodeIgniter\Debug\Exceptions->errorHandler(2, 'Undefined variable $Books', 'C:\\Users\\LENOVO\\pemweb-smstr4\\project-root\\app\\Views\\books\\edit.php', 8)
 2 SYSTEMPATH\View\View.php(228): include('C:\\Users\\LENOVO\\pemweb-smstr4\\project-root\\app\\Views\\books\\edit.php')
 3 SYSTEMPATH\View\View.php(231): CodeIgniter\View\View->CodeIgniter\View\{closure}()
 4 SYSTEMPATH\Common.php(1178): CodeIgniter\View\View->render('books/edit', [], true)
 5 APPPATH\Controllers\Books.php(117): view('books/edit', [...])
 6 SYSTEMPATH\CodeIgniter.php(941): App\Controllers\Books->edit('q')
 7 SYSTEMPATH\CodeIgniter.php(502): CodeIgniter\CodeIgniter->runController(Object(App\Controllers\Books))
 8 SYSTEMPATH\CodeIgniter.php(361): CodeIgniter\CodeIgniter->handleRequest(null, Object(Config\Cache), false)
 9 FCPATH\index.php(79): CodeIgniter\CodeIgniter->run()
10 SYSTEMPATH\Commands\Server\rewrite.php(47): require_once('C:\\Users\\LENOVO\\pemweb-smstr4\\project-root\\public\\index.php')
INFO - 2024-05-20 05:56:04 --> Session: Class initialized using 'CodeIgniter\Session\Handlers\FileHandler' driver.
CRITICAL - 2024-05-20 05:56:04 --> ErrorException: Undefined variable $books
in APPPATH\Views\books\edit.php on line 8.
 1 APPPATH\Views\books\edit.php(8): CodeIgniter\Debug\Exceptions->errorHandler(2, 'Undefined variable $books', 'C:\\Users\\LENOVO\\pemweb-smstr4\\project-root\\app\\Views\\books\\edit.php', 8)
 2 SYSTEMPATH\View\View.php(228): include('C:\\Users\\LENOVO\\pemweb-smstr4\\project-root\\app\\Views\\books\\edit.php')
 3 SYSTEMPATH\View\View.php(231): CodeIgniter\View\View->CodeIgniter\View\{closure}()
 4 SYSTEMPATH\Common.php(1178): CodeIgniter\View\View->render('books/edit', [], true)
 5 APPPATH\Controllers\Books.php(117): view('books/edit', [...])
 6 SYSTEMPATH\CodeIgniter.php(941): App\Controllers\Books->edit('q')
 7 SYSTEMPATH\CodeIgniter.php(502): CodeIgniter\CodeIgniter->runController(Object(App\Controllers\Books))
 8 SYSTEMPATH\CodeIgniter.php(361): CodeIgniter\CodeIgniter->handleRequest(null, Object(Config\Cache), false)
 9 FCPATH\index.php(79): CodeIgniter\CodeIgniter->run()
10 SYSTEMPATH\Commands\Server\rewrite.php(47): require_once('C:\\Users\\LENOVO\\pemweb-smstr4\\project-root\\public\\index.php')
INFO - 2024-05-20 05:56:06 --> Session: Class initialized using 'CodeIgniter\Session\Handlers\FileHandler' driver.
CRITICAL - 2024-05-20 05:56:06 --> ErrorException: Undefined variable $books
in APPPATH\Views\books\edit.php on line 8.
 1 APPPATH\Views\books\edit.php(8): CodeIgniter\Debug\Exceptions->errorHandler(2, 'Undefined variable $books', 'C:\\Users\\LENOVO\\pemweb-smstr4\\project-root\\app\\Views\\books\\edit.php', 8)
 2 SYSTEMPATH\View\View.php(228): include('C:\\Users\\LENOVO\\pemweb-smstr4\\project-root\\app\\Views\\books\\edit.php')
 3 SYSTEMPATH\View\View.php(231): CodeIgniter\View\View->CodeIgniter\View\{closure}()
 4 SYSTEMPATH\Common.php(1178): CodeIgniter\View\View->render('books/edit', [], true)
 5 APPPATH\Controllers\Books.php(117): view('books/edit', [...])
 6 SYSTEMPATH\CodeIgniter.php(941): App\Controllers\Books->edit('q')
 7 SYSTEMPATH\CodeIgniter.php(502): CodeIgniter\CodeIgniter->runController(Object(App\Controllers\Books))
 8 SYSTEMPATH\CodeIgniter.php(361): CodeIgniter\CodeIgniter->handleRequest(null, Object(Config\Cache), false)
 9 FCPATH\index.php(79): CodeIgniter\CodeIgniter->run()
10 SYSTEMPATH\Commands\Server\rewrite.php(47): require_once('C:\\Users\\LENOVO\\pemweb-smstr4\\project-root\\public\\index.php')
INFO - 2024-05-20 05:57:53 --> Session: Class initialized using 'CodeIgniter\Session\Handlers\FileHandler' driver.
CRITICAL - 2024-05-20 05:57:53 --> ErrorException: Undefined variable $Books
in APPPATH\Views\books\edit.php on line 15.
 1 APPPATH\Views\books\edit.php(15): CodeIgniter\Debug\Exceptions->errorHandler(2, 'Undefined variable $Books', 'C:\\Users\\LENOVO\\pemweb-smstr4\\project-root\\app\\Views\\books\\edit.php', 15)
 2 SYSTEMPATH\View\View.php(228): include('C:\\Users\\LENOVO\\pemweb-smstr4\\project-root\\app\\Views\\books\\edit.php')
 3 SYSTEMPATH\View\View.php(231): CodeIgniter\View\View->CodeIgniter\View\{closure}()
 4 SYSTEMPATH\Common.php(1178): CodeIgniter\View\View->render('books/edit', [], true)
 5 APPPATH\Controllers\Books.php(117): view('books/edit', [...])
 6 SYSTEMPATH\CodeIgniter.php(941): App\Controllers\Books->edit('q')
 7 SYSTEMPATH\CodeIgniter.php(502): CodeIgniter\CodeIgniter->runController(Object(App\Controllers\Books))
 8 SYSTEMPATH\CodeIgniter.php(361): CodeIgniter\CodeIgniter->handleRequest(null, Object(Config\Cache), false)
 9 FCPATH\index.php(79): CodeIgniter\CodeIgniter->run()
10 SYSTEMPATH\Commands\Server\rewrite.php(47): require_once('C:\\Users\\LENOVO\\pemweb-smstr4\\project-root\\public\\index.php')
INFO - 2024-05-20 05:58:54 --> Session: Class initialized using 'CodeIgniter\Session\Handlers\FileHandler' driver.
INFO - 2024-05-20 05:59:33 --> Session: Class initialized using 'CodeIgniter\Session\Handlers\FileHandler' driver.
CRITICAL - 2024-05-20 05:59:33 --> BadMethodCallException: Call to undefined method App\Models\BooksModel::getBooks
in SYSTEMPATH\Model.php on line 874.
 1 APPPATH\Controllers\Books.php(123): CodeIgniter\Model->__call('getBooks', [...])
 2 SYSTEMPATH\CodeIgniter.php(941): App\Controllers\Books->update('7')
 3 SYSTEMPATH\CodeIgniter.php(502): CodeIgniter\CodeIgniter->runController(Object(App\Controllers\Books))
 4 SYSTEMPATH\CodeIgniter.php(361): CodeIgniter\CodeIgniter->handleRequest(null, Object(Config\Cache), false)
 5 FCPATH\index.php(79): CodeIgniter\CodeIgniter->run()
 6 SYSTEMPATH\Commands\Server\rewrite.php(47): require_once('C:\\Users\\LENOVO\\pemweb-smstr4\\project-root\\public\\index.php')
INFO - 2024-05-20 06:01:31 --> Session: Class initialized using 'CodeIgniter\Session\Handlers\FileHandler' driver.
INFO - 2024-05-20 06:01:32 --> Session: Class initialized using 'CodeIgniter\Session\Handlers\FileHandler' driver.
INFO - 2024-05-20 06:01:35 --> Session: Class initialized using 'CodeIgniter\Session\Handlers\FileHandler' driver.
INFO - 2024-05-20 06:01:38 --> Session: Class initialized using 'CodeIgniter\Session\Handlers\FileHandler' driver.
INFO - 2024-05-20 06:01:57 --> Session: Class initialized using 'CodeIgniter\Session\Handlers\FileHandler' driver.
INFO - 2024-05-20 06:01:57 --> Session: Class initialized using 'CodeIgniter\Session\Handlers\FileHandler' driver.
INFO - 2024-05-20 06:02:02 --> Session: Class initialized using 'CodeIgniter\Session\Handlers\FileHandler' driver.
INFO - 2024-05-20 06:02:06 --> Session: Class initialized using 'CodeIgniter\Session\Handlers\FileHandler' driver.
INFO - 2024-05-20 06:02:09 --> Session: Class initialized using 'CodeIgniter\Session\Handlers\FileHandler' driver.
INFO - 2024-05-20 06:02:11 --> Session: Class initialized using 'CodeIgniter\Session\Handlers\FileHandler' driver.
INFO - 2024-05-20 06:02:19 --> Session: Class initialized using 'CodeIgniter\Session\Handlers\FileHandler' driver.
INFO - 2024-05-20 06:02:19 --> Session: Class initialized using 'CodeIgniter\Session\Handlers\FileHandler' driver.
INFO - 2024-05-20 06:02:29 --> Session: Class initialized using 'CodeIgniter\Session\Handlers\FileHandler' driver.
INFO - 2024-05-20 06:02:32 --> Session: Class initialized using 'CodeIgniter\Session\Handlers\FileHandler' driver.
INFO - 2024-05-20 06:02:34 --> Session: Class initialized using 'CodeIgniter\Session\Handlers\FileHandler' driver.
INFO - 2024-05-20 06:02:37 --> Session: Class initialized using 'CodeIgniter\Session\Handlers\FileHandler' driver.
INFO - 2024-05-20 06:02:45 --> Session: Class initialized using 'CodeIgniter\Session\Handlers\FileHandler' driver.
INFO - 2024-05-20 06:02:45 --> Session: Class initialized using 'CodeIgniter\Session\Handlers\FileHandler' driver.
INFO - 2024-05-20 06:02:56 --> Session: Class initialized using 'CodeIgniter\Session\Handlers\FileHandler' driver.
INFO - 2024-05-20 06:02:56 --> Session: Class initialized using 'CodeIgniter\Session\Handlers\FileHandler' driver.
INFO - 2024-05-20 06:05:00 --> Session: Class initialized using 'CodeIgniter\Session\Handlers\FileHandler' driver.
INFO - 2024-05-20 06:05:00 --> Session: Class initialized using 'CodeIgniter\Session\Handlers\FileHandler' driver.
INFO - 2024-05-20 06:05:05 --> Session: Class initialized using 'CodeIgniter\Session\Handlers\FileHandler' driver.
INFO - 2024-05-20 06:05:08 --> Session: Class initialized using 'CodeIgniter\Session\Handlers\FileHandler' driver.
INFO - 2024-05-20 06:05:16 --> Session: Class initialized using 'CodeIgniter\Session\Handlers\FileHandler' driver.
INFO - 2024-05-20 06:05:17 --> Session: Class initialized using 'CodeIgniter\Session\Handlers\FileHandler' driver.
INFO - 2024-05-20 06:05:23 --> Session: Class initialized using 'CodeIgniter\Session\Handlers\FileHandler' driver.
